<?xml version="1.0" encoding="UTF-8"?>
<!-- Generated by org.testng.reporters.JUnitReportReporter -->
<testsuite skipped="0" hostname="DESKTOP-I72S0VP" name="Tests.Backend" tests="1" failures="0" timestamp="06 dic 2019 15:30:11 GMT" time="3.168" errors="0">
  <testcase name="ValidarApisEntreSi" time="3.168" classname="Tests.Backend"/>
</testsuite> <!-- Tests.Backend -->
