<?xml version="1.0" encoding="UTF-8"?>
<!-- Generated by org.testng.reporters.JUnitReportReporter -->
<testsuite skipped="0" hostname="DESKTOP-I72S0VP" name="Tests.Front" tests="6" failures="0" timestamp="06 dic 2019 15:32:36 GMT" time="100.039" errors="0">
  <testcase name="Ejercicio01_Ts02" time="16.501" classname="Tests.Front"/>
  <testcase name="Ejercicio01_Ts03" time="21.743" classname="Tests.Front"/>
  <testcase name="Ejercicio01_Ts04" time="18.933" classname="Tests.Front"/>
  <testcase name="Ejercicio01_Ts01" time="12.446" classname="Tests.Front"/>
  <testcase name="Ejercicio01_Ts05" time="11.779" classname="Tests.Front"/>
  <testcase name="Ejercicio02" time="18.637" classname="Tests.Front"/>
</testsuite> <!-- Tests.Front -->
